2022-10-21 21:19:01,"int qMain(int, char**)","libs path: (""C:/wangzexin/Graduation/qt_project_git/SignalAnalysis2/src/bin_qt5.9.9_debug/libs"", ""C:/wangzexin/Program/Qt/Qt5.9.9/5.9.9/mingw53_32/plugins"", ""C:/wangzexin/Graduation/qt_project_git/SignalAnalysis2/src/bin_qt5.9.9_debug"")",..\..\src\signA\main.cpp
2022-10-21 21:19:01,void load_local_language(QApplication&),"init uiLanguages  (""zh-CN"", ""en-US"")",..\..\src\signA\main.cpp
2022-10-21 21:19:01,void load_local_language(QApplication&),init QLocale.bcp47Name  ""zh"",..\..\src\signA\main.cpp
2022-10-21 21:19:01,void load_local_language(QApplication&),language dir： ""C:/wangzexin/Graduation/qt_project_git/SignalAnalysis2/src/bin_qt5.9.9_debug\\language"",..\..\src\signA\main.cpp
2022-10-21 21:19:01,void start_serve_process(int),try start data precess serve  1  times,..\..\src\signA\main.cpp
2022-10-21 21:19:01,void start_serve_process(int),"""start data process server , cost:4 ms""",..\..\src\signA\main.cpp
2022-10-21 21:19:01,"SARibbonMainWindow::SARibbonMainWindow(QWidget*, bool)",QFlags<Qt::WindowType>(Window|WindowTitleHint|WindowSystemMenuHint|WindowMinMaxButtonsHint|WindowCloseButtonHint|WindowFullscreenButtonHint),C:\wangzexin\Graduation\qt_project_git\SignalAnalysis2\src\SARibbonBar\SARibbon\src\SARibbonBar\SARibbonMainWindow.cpp
2022-10-21 21:19:01,"SARibbonMainWindow::SARibbonMainWindow(QWidget*, bool)",sa ribbon version: 0.2,C:\wangzexin\Graduation\qt_project_git\SignalAnalysis2\src\SARibbonBar\SARibbon\src\SARibbonBar\SARibbonMainWindow.cpp
2022-10-21 21:19:02,"void qt_png_warning(png_structp, png_const_charp)",libpng warning: iCCP: known incorrect sRGB profile,image\qpnghandler.cpp
2022-10-21 21:19:02,"void qt_png_warning(png_structp, png_const_charp)",libpng warning: iCCP: known incorrect sRGB profile,image\qpnghandler.cpp
2022-10-21 21:19:02,"void qt_png_warning(png_structp, png_const_charp)",libpng warning: iCCP: known incorrect sRGB profile,image\qpnghandler.cpp
2022-10-21 21:19:02,"void qt_png_warning(png_structp, png_const_charp)",libpng warning: iCCP: known incorrect sRGB profile,image\qpnghandler.cpp
2022-10-21 21:19:02,"void qt_png_warning(png_structp, png_const_charp)",libpng warning: iCCP: known incorrect sRGB profile,image\qpnghandler.cpp
2022-10-21 21:19:02,"void qt_png_warning(png_structp, png_const_charp)",libpng warning: iCCP: known incorrect sRGB profile,image\qpnghandler.cpp
2022-10-21 21:19:02,"void qt_png_warning(png_structp, png_const_charp)",libpng warning: iCCP: known incorrect sRGB profile,image\qpnghandler.cpp
2022-10-21 21:19:02,"void qt_png_warning(png_structp, png_const_charp)",libpng warning: iCCP: known incorrect sRGB profile,image\qpnghandler.cpp
2022-10-21 21:19:02,"void qt_png_warning(png_structp, png_const_charp)",libpng warning: iCCP: known incorrect sRGB profile,image\qpnghandler.cpp
2022-10-21 21:19:02,"void qt_png_warning(png_structp, png_const_charp)",libpng warning: iCCP: known incorrect sRGB profile,image\qpnghandler.cpp
2022-10-21 21:19:02,"void qt_png_warning(png_structp, png_const_charp)",libpng warning: iCCP: known incorrect sRGB profile,image\qpnghandler.cpp
2022-10-21 21:19:02,"void qt_png_warning(png_structp, png_const_charp)",libpng warning: iCCP: known incorrect sRGB profile,image\qpnghandler.cpp
2022-10-21 21:19:02,"void qt_png_warning(png_structp, png_const_charp)",libpng warning: iCCP: known incorrect sRGB profile,image\qpnghandler.cpp
2022-10-21 21:19:02,"void qt_png_warning(png_structp, png_const_charp)",libpng warning: iCCP: known incorrect sRGB profile,image\qpnghandler.cpp
2022-10-21 21:19:02,"void qt_png_warning(png_structp, png_const_charp)",libpng warning: iCCP: known incorrect sRGB profile,image\qpnghandler.cpp
2022-10-21 21:19:02,MainWindow::MainWindow(QWidget*),""start main app init"",..\..\src\signA\mainwindow.cpp
2022-10-21 21:19:02,void SATcpClient::connectToServe(int),"""start connect to serve,timeout set to "" 5000  ms",..\..\src\signAServe\SATcpClient.cpp
2022-10-21 21:19:02,void SATcpClient::connectToServe(int),""success connect to LocalHost:"" 10099,..\..\src\signAServe\SATcpClient.cpp
2022-10-21 21:19:02,"virtual bool SATcpSocket::deal(const SAProtocolHeader&, const QByteArray&)",deal type  1  fun  3,..\..\src\signAServe\SATcpSocket.cpp
2022-10-21 21:19:02,MainWindow::MainWindow(QWidget*),""init ui and menu elapsed: 709 ms"",..\..\src\signA\mainwindow.cpp
2022-10-21 21:19:02,MainWindow::MainWindow(QWidget*),""start load plugin"",..\..\src\signA\mainwindow.cpp
2022-10-21 21:19:02,MainWindow::MainWindow(QWidget*),""loaded plugins elapsed: 7 ms"",..\..\src\signA\mainwindow.cpp
2022-10-21 21:19:02,MainWindow::MainWindow(QWidget*),""start load setting"",..\..\src\signA\mainwindow.cpp
2022-10-21 21:19:02,void MainWindow::loadSetting(),first start: false,..\..\src\signA\mainwindow.cpp
2022-10-21 21:19:02,void MainWindow::setSkin(const QString&),""start use skin:normal"",..\..\src\signA\mainwindow.cpp
2022-10-21 21:19:02,void MainWindow::setSkin(const QString&),"""set style error,style name is:"" ""normal""",..\..\src\signA\mainwindow.cpp
2022-10-21 21:19:02,void MainWindow::setSkin(const QString&),""end use skin elapsed: 0 ms"",..\..\src\signA\mainwindow.cpp
2022-10-21 21:19:02,MainWindow::MainWindow(QWidget*),""loaded settings elapsed: 0 ms"",..\..\src\signA\mainwindow.cpp
2022-10-21 21:19:02,MainWindow::MainWindow(QWidget*),window font: ""微软雅黑"",..\..\src\signA\mainwindow.cpp
2022-10-21 21:19:03,"void qt_png_warning(png_structp, png_const_charp)",libpng warning: iCCP: known incorrect sRGB profile,image\qpnghandler.cpp
2022-10-21 21:19:03,"void qt_png_warning(png_structp, png_const_charp)",libpng warning: iCCP: known incorrect sRGB profile,image\qpnghandler.cpp
2022-10-21 21:19:04,void MainWindow::OnButtonStartCapture(),m_vchannelCodes-size 4 
,..\..\src\signA\mainwindow.cpp
2022-10-21 21:19:04,void MainWindow::OnButtonStartCapture(),mapsize 4 
,..\..\src\signA\mainwindow.cpp
2022-10-21 21:19:04,virtual void GetDataThread::run(),取数线程开启了--------------------------------------------------------------------------------- 
,..\..\src\signA\Utils\GetDataThread.cpp
2022-10-21 21:19:04,virtual void SaveCollectionDataThread::run(),threadsize------------------------------------------------------ 4 
,..\..\src\signA\Utils\SaveCollectionDataThread.cpp
2022-10-21 21:19:15,"void qt_png_warning(png_structp, png_const_charp)",libpng warning: iCCP: known incorrect sRGB profile,image\qpnghandler.cpp
2022-10-21 21:19:15,"void qt_png_warning(png_structp, png_const_charp)",libpng warning: iCCP: known incorrect sRGB profile,image\qpnghandler.cpp
2022-10-21 21:19:16,"void qt_png_warning(png_structp, png_const_charp)",libpng warning: iCCP: known incorrect sRGB profile,image\qpnghandler.cpp
2022-10-21 21:19:16,"void qt_png_warning(png_structp, png_const_charp)",libpng warning: iCCP: known incorrect sRGB profile,image\qpnghandler.cpp
2022-10-21 21:19:16,"void qt_png_warning(png_structp, png_const_charp)",libpng warning: iCCP: known incorrect sRGB profile,image\qpnghandler.cpp
2022-10-21 21:19:16,void MainWindow::saveSetting(),(),..\..\src\signA\mainwindow.cpp
2022-10-21 21:19:16,void MainWindow::saveSetting(),(),..\..\src\signA\mainwindow.cpp
