2022-10-23 09:30:55,"int qMain(int, char**)","libs path: (""C:/wangzexin/Graduation/qt_project_git/SignalAnalysis2/src/bin_qt5.9.9_debug/libs"", ""C:/wangzexin/Program/Qt/Qt5.9.9/5.9.9/mingw53_32/plugins"", ""C:/wangzexin/Graduation/qt_project_git/SignalAnalysis2/src/bin_qt5.9.9_debug"")",..\..\..\..\qt_project_git\SignalAnalysis2\src\signA\main.cpp
2022-10-23 09:30:55,void load_local_language(QApplication&),"init uiLanguages  (""zh-CN"", ""en-US"")",..\..\..\..\qt_project_git\SignalAnalysis2\src\signA\main.cpp
2022-10-23 09:30:55,void load_local_language(QApplication&),init QLocale.bcp47Name  ""zh"",..\..\..\..\qt_project_git\SignalAnalysis2\src\signA\main.cpp
2022-10-23 09:30:55,void load_local_language(QApplication&),language dir： ""C:/wangzexin/Graduation/qt_project_git/SignalAnalysis2/src/bin_qt5.9.9_debug\\language"",..\..\..\..\qt_project_git\SignalAnalysis2\src\signA\main.cpp
2022-10-23 09:30:55,void start_serve_process(int),try start data precess serve  1  times,..\..\..\..\qt_project_git\SignalAnalysis2\src\signA\main.cpp
2022-10-23 09:30:55,void start_serve_process(int),"""start data process server , cost:3 ms""",..\..\..\..\qt_project_git\SignalAnalysis2\src\signA\main.cpp
2022-10-23 09:30:55,"SARibbonMainWindow::SARibbonMainWindow(QWidget*, bool)",QFlags<Qt::WindowType>(Window|WindowTitleHint|WindowSystemMenuHint|WindowMinMaxButtonsHint|WindowCloseButtonHint|WindowFullscreenButtonHint),C:\wangzexin\Graduation\qt_project_git\SignalAnalysis2\src\SARibbonBar\SARibbon\src\SARibbonBar\SARibbonMainWindow.cpp
2022-10-23 09:30:55,"SARibbonMainWindow::SARibbonMainWindow(QWidget*, bool)",sa ribbon version: 0.2,C:\wangzexin\Graduation\qt_project_git\SignalAnalysis2\src\SARibbonBar\SARibbon\src\SARibbonBar\SARibbonMainWindow.cpp
2022-10-23 09:30:56,"void qt_png_warning(png_structp, png_const_charp)",libpng warning: iCCP: known incorrect sRGB profile,image\qpnghandler.cpp
2022-10-23 09:30:56,"void qt_png_warning(png_structp, png_const_charp)",libpng warning: iCCP: known incorrect sRGB profile,image\qpnghandler.cpp
2022-10-23 09:30:56,"void qt_png_warning(png_structp, png_const_charp)",libpng warning: iCCP: known incorrect sRGB profile,image\qpnghandler.cpp
2022-10-23 09:30:56,"void qt_png_warning(png_structp, png_const_charp)",libpng warning: iCCP: known incorrect sRGB profile,image\qpnghandler.cpp
2022-10-23 09:30:56,"void qt_png_warning(png_structp, png_const_charp)",libpng warning: iCCP: known incorrect sRGB profile,image\qpnghandler.cpp
2022-10-23 09:30:56,"void qt_png_warning(png_structp, png_const_charp)",libpng warning: iCCP: known incorrect sRGB profile,image\qpnghandler.cpp
2022-10-23 09:30:56,"void qt_png_warning(png_structp, png_const_charp)",libpng warning: iCCP: known incorrect sRGB profile,image\qpnghandler.cpp
2022-10-23 09:30:56,"void qt_png_warning(png_structp, png_const_charp)",libpng warning: iCCP: known incorrect sRGB profile,image\qpnghandler.cpp
2022-10-23 09:30:56,"void qt_png_warning(png_structp, png_const_charp)",libpng warning: iCCP: known incorrect sRGB profile,image\qpnghandler.cpp
2022-10-23 09:30:56,"void qt_png_warning(png_structp, png_const_charp)",libpng warning: iCCP: known incorrect sRGB profile,image\qpnghandler.cpp
2022-10-23 09:30:56,"void qt_png_warning(png_structp, png_const_charp)",libpng warning: iCCP: known incorrect sRGB profile,image\qpnghandler.cpp
2022-10-23 09:30:56,"void qt_png_warning(png_structp, png_const_charp)",libpng warning: iCCP: known incorrect sRGB profile,image\qpnghandler.cpp
2022-10-23 09:30:56,"void qt_png_warning(png_structp, png_const_charp)",libpng warning: iCCP: known incorrect sRGB profile,image\qpnghandler.cpp
2022-10-23 09:30:56,"void qt_png_warning(png_structp, png_const_charp)",libpng warning: iCCP: known incorrect sRGB profile,image\qpnghandler.cpp
2022-10-23 09:30:56,"void qt_png_warning(png_structp, png_const_charp)",libpng warning: iCCP: known incorrect sRGB profile,image\qpnghandler.cpp
2022-10-23 09:30:56,MainWindow::MainWindow(QWidget*),""start main app init"",..\..\..\..\qt_project_git\SignalAnalysis2\src\signA\mainwindow.cpp
2022-10-23 09:30:56,void SATcpClient::connectToServe(int),"""start connect to serve,timeout set to "" 5000  ms",..\..\src\signAServe\SATcpClient.cpp
2022-10-23 09:30:56,void SATcpClient::connectToServe(int),""success connect to LocalHost:"" 10099,..\..\src\signAServe\SATcpClient.cpp
2022-10-23 09:30:56,"virtual bool SATcpSocket::deal(const SAProtocolHeader&, const QByteArray&)",deal type  1  fun  3,..\..\src\signAServe\SATcpSocket.cpp
2022-10-23 09:30:56,MainWindow::MainWindow(QWidget*),""init ui and menu elapsed: 636 ms"",..\..\..\..\qt_project_git\SignalAnalysis2\src\signA\mainwindow.cpp
2022-10-23 09:30:56,MainWindow::MainWindow(QWidget*),""start load plugin"",..\..\..\..\qt_project_git\SignalAnalysis2\src\signA\mainwindow.cpp
2022-10-23 09:30:56,MainWindow::MainWindow(QWidget*),""loaded plugins elapsed: 8 ms"",..\..\..\..\qt_project_git\SignalAnalysis2\src\signA\mainwindow.cpp
2022-10-23 09:30:56,MainWindow::MainWindow(QWidget*),""start load setting"",..\..\..\..\qt_project_git\SignalAnalysis2\src\signA\mainwindow.cpp
2022-10-23 09:30:56,void MainWindow::loadSetting(),first start: false,..\..\..\..\qt_project_git\SignalAnalysis2\src\signA\mainwindow.cpp
2022-10-23 09:30:56,void MainWindow::setSkin(const QString&),""start use skin:normal"",..\..\..\..\qt_project_git\SignalAnalysis2\src\signA\mainwindow.cpp
2022-10-23 09:30:56,void MainWindow::setSkin(const QString&),"""set style error,style name is:"" ""normal""",..\..\..\..\qt_project_git\SignalAnalysis2\src\signA\mainwindow.cpp
2022-10-23 09:30:56,void MainWindow::setSkin(const QString&),""end use skin elapsed: 0 ms"",..\..\..\..\qt_project_git\SignalAnalysis2\src\signA\mainwindow.cpp
2022-10-23 09:30:56,MainWindow::MainWindow(QWidget*),""loaded settings elapsed: 0 ms"",..\..\..\..\qt_project_git\SignalAnalysis2\src\signA\mainwindow.cpp
2022-10-23 09:30:56,MainWindow::MainWindow(QWidget*),window font: ""微软雅黑"",..\..\..\..\qt_project_git\SignalAnalysis2\src\signA\mainwindow.cpp
2022-10-23 09:30:56,"void qt_png_warning(png_structp, png_const_charp)",libpng warning: iCCP: known incorrect sRGB profile,image\qpnghandler.cpp
2022-10-23 09:30:56,"void qt_png_warning(png_structp, png_const_charp)",libpng warning: iCCP: known incorrect sRGB profile,image\qpnghandler.cpp
2022-10-23 09:31:16,"virtual bool SATcpSocket::deal(const SAProtocolHeader&, const QByteArray&)",deal type  1  fun  3,..\..\src\signAServe\SATcpSocket.cpp
2022-10-23 09:31:36,"virtual bool SATcpSocket::deal(const SAProtocolHeader&, const QByteArray&)",deal type  1  fun  3,..\..\src\signAServe\SATcpSocket.cpp
2022-10-23 09:31:56,"virtual bool SATcpSocket::deal(const SAProtocolHeader&, const QByteArray&)",deal type  1  fun  3,..\..\src\signAServe\SATcpSocket.cpp
2022-10-23 09:32:16,"virtual bool SATcpSocket::deal(const SAProtocolHeader&, const QByteArray&)",deal type  1  fun  3,..\..\src\signAServe\SATcpSocket.cpp
2022-10-23 09:32:36,"virtual bool SATcpSocket::deal(const SAProtocolHeader&, const QByteArray&)",deal type  1  fun  3,..\..\src\signAServe\SATcpSocket.cpp
2022-10-23 09:32:45,void MainWindow::OnButtonStartCapture(),m_vchannelCodes-size 4 
,..\..\..\..\qt_project_git\SignalAnalysis2\src\signA\mainwindow.cpp
2022-10-23 09:32:45,void MainWindow::OnButtonStartCapture(),mapsize 4 
,..\..\..\..\qt_project_git\SignalAnalysis2\src\signA\mainwindow.cpp
2022-10-23 09:32:45,virtual void GetDataThread::run(),取数线程开启了--------------------------------------------------------------------------------- 
,..\..\..\..\qt_project_git\SignalAnalysis2\src\signA\Utils\GetDataThread.cpp
2022-10-23 09:32:45,virtual void SaveCollectionDataThread::run(),threadsize------------------------------------------------------ 4 
,..\..\..\..\qt_project_git\SignalAnalysis2\src\signA\Utils\SaveCollectionDataThread.cpp
2022-10-23 09:32:56,"virtual bool SATcpSocket::deal(const SAProtocolHeader&, const QByteArray&)",deal type  1  fun  3,..\..\src\signAServe\SATcpSocket.cpp
2022-10-23 09:32:58,"void qt_png_warning(png_structp, png_const_charp)",libpng warning: iCCP: known incorrect sRGB profile,image\qpnghandler.cpp
2022-10-23 09:32:58,"void qt_png_warning(png_structp, png_const_charp)",libpng warning: iCCP: known incorrect sRGB profile,image\qpnghandler.cpp
2022-10-23 09:32:59,"void qt_png_warning(png_structp, png_const_charp)",libpng warning: iCCP: known incorrect sRGB profile,image\qpnghandler.cpp
2022-10-23 09:32:59,"void qt_png_warning(png_structp, png_const_charp)",libpng warning: iCCP: known incorrect sRGB profile,image\qpnghandler.cpp
2022-10-23 09:32:59,"void qt_png_warning(png_structp, png_const_charp)",libpng warning: iCCP: known incorrect sRGB profile,image\qpnghandler.cpp
2022-10-23 09:32:59,void MainWindow::saveSetting(),(),..\..\..\..\qt_project_git\SignalAnalysis2\src\signA\mainwindow.cpp
2022-10-23 09:32:59,void MainWindow::saveSetting(),(),..\..\..\..\qt_project_git\SignalAnalysis2\src\signA\mainwindow.cpp
2022-10-23 09:43:17,"int qMain(int, char**)","libs path: (""C:/wangzexin/Graduation/qt_project_git/SignalAnalysis2/src/bin_qt5.9.9_debug/libs"", ""C:/wangzexin/Program/Qt/Qt5.9.9/5.9.9/mingw53_32/plugins"", ""C:/wangzexin/Graduation/qt_project_git/SignalAnalysis2/src/bin_qt5.9.9_debug"")",..\..\..\..\qt_project_git\SignalAnalysis2\src\signA\main.cpp
2022-10-23 09:43:17,void load_local_language(QApplication&),"init uiLanguages  (""zh-CN"", ""en-US"")",..\..\..\..\qt_project_git\SignalAnalysis2\src\signA\main.cpp
2022-10-23 09:43:17,void load_local_language(QApplication&),init QLocale.bcp47Name  ""zh"",..\..\..\..\qt_project_git\SignalAnalysis2\src\signA\main.cpp
2022-10-23 09:43:17,void load_local_language(QApplication&),language dir： ""C:/wangzexin/Graduation/qt_project_git/SignalAnalysis2/src/bin_qt5.9.9_debug\\language"",..\..\..\..\qt_project_git\SignalAnalysis2\src\signA\main.cpp
2022-10-23 09:43:17,void start_serve_process(int),try start data precess serve  1  times,..\..\..\..\qt_project_git\SignalAnalysis2\src\signA\main.cpp
2022-10-23 09:43:17,void start_serve_process(int),"""start data process server , cost:3 ms""",..\..\..\..\qt_project_git\SignalAnalysis2\src\signA\main.cpp
2022-10-23 09:43:17,"SARibbonMainWindow::SARibbonMainWindow(QWidget*, bool)",QFlags<Qt::WindowType>(Window|WindowTitleHint|WindowSystemMenuHint|WindowMinMaxButtonsHint|WindowCloseButtonHint|WindowFullscreenButtonHint),C:\wangzexin\Graduation\qt_project_git\SignalAnalysis2\src\SARibbonBar\SARibbon\src\SARibbonBar\SARibbonMainWindow.cpp
2022-10-23 09:43:17,"SARibbonMainWindow::SARibbonMainWindow(QWidget*, bool)",sa ribbon version: 0.2,C:\wangzexin\Graduation\qt_project_git\SignalAnalysis2\src\SARibbonBar\SARibbon\src\SARibbonBar\SARibbonMainWindow.cpp
2022-10-23 09:43:17,"void qt_png_warning(png_structp, png_const_charp)",libpng warning: iCCP: known incorrect sRGB profile,image\qpnghandler.cpp
2022-10-23 09:43:17,"void qt_png_warning(png_structp, png_const_charp)",libpng warning: iCCP: known incorrect sRGB profile,image\qpnghandler.cpp
2022-10-23 09:43:17,"void qt_png_warning(png_structp, png_const_charp)",libpng warning: iCCP: known incorrect sRGB profile,image\qpnghandler.cpp
2022-10-23 09:43:17,"void qt_png_warning(png_structp, png_const_charp)",libpng warning: iCCP: known incorrect sRGB profile,image\qpnghandler.cpp
2022-10-23 09:43:17,"void qt_png_warning(png_structp, png_const_charp)",libpng warning: iCCP: known incorrect sRGB profile,image\qpnghandler.cpp
2022-10-23 09:43:17,"void qt_png_warning(png_structp, png_const_charp)",libpng warning: iCCP: known incorrect sRGB profile,image\qpnghandler.cpp
2022-10-23 09:43:17,"void qt_png_warning(png_structp, png_const_charp)",libpng warning: iCCP: known incorrect sRGB profile,image\qpnghandler.cpp
2022-10-23 09:43:17,"void qt_png_warning(png_structp, png_const_charp)",libpng warning: iCCP: known incorrect sRGB profile,image\qpnghandler.cpp
2022-10-23 09:43:17,"void qt_png_warning(png_structp, png_const_charp)",libpng warning: iCCP: known incorrect sRGB profile,image\qpnghandler.cpp
2022-10-23 09:43:17,"void qt_png_warning(png_structp, png_const_charp)",libpng warning: iCCP: known incorrect sRGB profile,image\qpnghandler.cpp
2022-10-23 09:43:17,"void qt_png_warning(png_structp, png_const_charp)",libpng warning: iCCP: known incorrect sRGB profile,image\qpnghandler.cpp
2022-10-23 09:43:17,"void qt_png_warning(png_structp, png_const_charp)",libpng warning: iCCP: known incorrect sRGB profile,image\qpnghandler.cpp
2022-10-23 09:43:17,"void qt_png_warning(png_structp, png_const_charp)",libpng warning: iCCP: known incorrect sRGB profile,image\qpnghandler.cpp
2022-10-23 09:43:17,"void qt_png_warning(png_structp, png_const_charp)",libpng warning: iCCP: known incorrect sRGB profile,image\qpnghandler.cpp
2022-10-23 09:43:17,"void qt_png_warning(png_structp, png_const_charp)",libpng warning: iCCP: known incorrect sRGB profile,image\qpnghandler.cpp
2022-10-23 09:43:17,MainWindow::MainWindow(QWidget*),""start main app init"",..\..\..\..\qt_project_git\SignalAnalysis2\src\signA\mainwindow.cpp
2022-10-23 09:43:18,void SATcpClient::connectToServe(int),"""start connect to serve,timeout set to "" 5000  ms",..\..\src\signAServe\SATcpClient.cpp
2022-10-23 09:43:18,void SATcpClient::connectToServe(int),""success connect to LocalHost:"" 10099,..\..\src\signAServe\SATcpClient.cpp
2022-10-23 09:43:18,"virtual bool SATcpSocket::deal(const SAProtocolHeader&, const QByteArray&)",deal type  1  fun  3,..\..\src\signAServe\SATcpSocket.cpp
2022-10-23 09:43:18,MainWindow::MainWindow(QWidget*),""init ui and menu elapsed: 589 ms"",..\..\..\..\qt_project_git\SignalAnalysis2\src\signA\mainwindow.cpp
2022-10-23 09:43:18,MainWindow::MainWindow(QWidget*),""start load plugin"",..\..\..\..\qt_project_git\SignalAnalysis2\src\signA\mainwindow.cpp
2022-10-23 09:43:18,MainWindow::MainWindow(QWidget*),""loaded plugins elapsed: 8 ms"",..\..\..\..\qt_project_git\SignalAnalysis2\src\signA\mainwindow.cpp
2022-10-23 09:43:18,MainWindow::MainWindow(QWidget*),""start load setting"",..\..\..\..\qt_project_git\SignalAnalysis2\src\signA\mainwindow.cpp
2022-10-23 09:43:18,void MainWindow::loadSetting(),first start: false,..\..\..\..\qt_project_git\SignalAnalysis2\src\signA\mainwindow.cpp
2022-10-23 09:43:18,void MainWindow::setSkin(const QString&),""start use skin:normal"",..\..\..\..\qt_project_git\SignalAnalysis2\src\signA\mainwindow.cpp
2022-10-23 09:43:18,void MainWindow::setSkin(const QString&),"""set style error,style name is:"" ""normal""",..\..\..\..\qt_project_git\SignalAnalysis2\src\signA\mainwindow.cpp
2022-10-23 09:43:18,void MainWindow::setSkin(const QString&),""end use skin elapsed: 0 ms"",..\..\..\..\qt_project_git\SignalAnalysis2\src\signA\mainwindow.cpp
2022-10-23 09:43:18,MainWindow::MainWindow(QWidget*),""loaded settings elapsed: 0 ms"",..\..\..\..\qt_project_git\SignalAnalysis2\src\signA\mainwindow.cpp
2022-10-23 09:43:18,MainWindow::MainWindow(QWidget*),window font: ""微软雅黑"",..\..\..\..\qt_project_git\SignalAnalysis2\src\signA\mainwindow.cpp
2022-10-23 09:43:18,"void qt_png_warning(png_structp, png_const_charp)",libpng warning: iCCP: known incorrect sRGB profile,image\qpnghandler.cpp
2022-10-23 09:43:18,"void qt_png_warning(png_structp, png_const_charp)",libpng warning: iCCP: known incorrect sRGB profile,image\qpnghandler.cpp
2022-10-23 09:43:21,void MainWindow::OnButtonStartCapture(),m_vchannelCodes-size 4 
,..\..\..\..\qt_project_git\SignalAnalysis2\src\signA\mainwindow.cpp
2022-10-23 09:43:21,void MainWindow::OnButtonStartCapture(),mapsize 4 
,..\..\..\..\qt_project_git\SignalAnalysis2\src\signA\mainwindow.cpp
2022-10-23 09:43:21,virtual void GetDataThread::run(),取数线程开启了--------------------------------------------------------------------------------- 
,..\..\..\..\qt_project_git\SignalAnalysis2\src\signA\Utils\GetDataThread.cpp
2022-10-23 09:43:21,virtual void SaveCollectionDataThread::run(),threadsize------------------------------------------------------ 4 
,..\..\..\..\qt_project_git\SignalAnalysis2\src\signA\Utils\SaveCollectionDataThread.cpp
2022-10-23 09:43:38,"virtual bool SATcpSocket::deal(const SAProtocolHeader&, const QByteArray&)",deal type  1  fun  3,..\..\src\signAServe\SATcpSocket.cpp
2022-10-23 09:43:58,"virtual bool SATcpSocket::deal(const SAProtocolHeader&, const QByteArray&)",deal type  1  fun  3,..\..\src\signAServe\SATcpSocket.cpp
2022-10-23 09:44:04,"void qt_png_warning(png_structp, png_const_charp)",libpng warning: iCCP: known incorrect sRGB profile,image\qpnghandler.cpp
2022-10-23 09:44:05,"void qt_png_warning(png_structp, png_const_charp)",libpng warning: iCCP: known incorrect sRGB profile,image\qpnghandler.cpp
2022-10-23 09:44:18,"virtual bool SATcpSocket::deal(const SAProtocolHeader&, const QByteArray&)",deal type  1  fun  3,..\..\src\signAServe\SATcpSocket.cpp
2022-10-23 09:44:38,"virtual bool SATcpSocket::deal(const SAProtocolHeader&, const QByteArray&)",deal type  1  fun  3,..\..\src\signAServe\SATcpSocket.cpp
2022-10-23 09:44:58,"virtual bool SATcpSocket::deal(const SAProtocolHeader&, const QByteArray&)",deal type  1  fun  3,..\..\src\signAServe\SATcpSocket.cpp
2022-10-23 09:45:18,"virtual bool SATcpSocket::deal(const SAProtocolHeader&, const QByteArray&)",deal type  1  fun  3,..\..\src\signAServe\SATcpSocket.cpp
2022-10-23 09:45:38,"virtual bool SATcpSocket::deal(const SAProtocolHeader&, const QByteArray&)",deal type  1  fun  3,..\..\src\signAServe\SATcpSocket.cpp
2022-10-23 09:45:58,"virtual bool SATcpSocket::deal(const SAProtocolHeader&, const QByteArray&)",deal type  1  fun  3,..\..\src\signAServe\SATcpSocket.cpp
2022-10-23 09:46:18,"virtual bool SATcpSocket::deal(const SAProtocolHeader&, const QByteArray&)",deal type  1  fun  3,..\..\src\signAServe\SATcpSocket.cpp
2022-10-23 09:46:38,"virtual bool SATcpSocket::deal(const SAProtocolHeader&, const QByteArray&)",deal type  1  fun  3,..\..\src\signAServe\SATcpSocket.cpp
2022-10-23 09:46:58,"virtual bool SATcpSocket::deal(const SAProtocolHeader&, const QByteArray&)",deal type  1  fun  3,..\..\src\signAServe\SATcpSocket.cpp
2022-10-23 09:47:18,"virtual bool SATcpSocket::deal(const SAProtocolHeader&, const QByteArray&)",deal type  1  fun  3,..\..\src\signAServe\SATcpSocket.cpp
2022-10-23 09:47:38,"virtual bool SATcpSocket::deal(const SAProtocolHeader&, const QByteArray&)",deal type  1  fun  3,..\..\src\signAServe\SATcpSocket.cpp
2022-10-23 09:47:58,"virtual bool SATcpSocket::deal(const SAProtocolHeader&, const QByteArray&)",deal type  1  fun  3,..\..\src\signAServe\SATcpSocket.cpp
2022-10-23 09:48:18,"virtual bool SATcpSocket::deal(const SAProtocolHeader&, const QByteArray&)",deal type  1  fun  3,..\..\src\signAServe\SATcpSocket.cpp
2022-10-23 09:48:38,"virtual bool SATcpSocket::deal(const SAProtocolHeader&, const QByteArray&)",deal type  1  fun  3,..\..\src\signAServe\SATcpSocket.cpp
2022-10-23 09:48:58,"virtual bool SATcpSocket::deal(const SAProtocolHeader&, const QByteArray&)",deal type  1  fun  3,..\..\src\signAServe\SATcpSocket.cpp
2022-10-23 10:21:11,"int qMain(int, char**)","libs path: (""C:/wangzexin/Graduation/qt_project_git/SignalAnalysis2/src/bin_qt5.9.9_debug/libs"", ""C:/wangzexin/Program/Qt/Qt5.9.9/5.9.9/mingw53_32/plugins"", ""C:/wangzexin/Graduation/qt_project_git/SignalAnalysis2/src/bin_qt5.9.9_debug"")",..\..\..\..\qt_project_git\SignalAnalysis2\src\signA\main.cpp
2022-10-23 10:21:11,void load_local_language(QApplication&),"init uiLanguages  (""zh-CN"", ""en-US"")",..\..\..\..\qt_project_git\SignalAnalysis2\src\signA\main.cpp
2022-10-23 10:21:11,void load_local_language(QApplication&),init QLocale.bcp47Name  ""zh"",..\..\..\..\qt_project_git\SignalAnalysis2\src\signA\main.cpp
2022-10-23 10:21:11,void load_local_language(QApplication&),language dir： ""C:/wangzexin/Graduation/qt_project_git/SignalAnalysis2/src/bin_qt5.9.9_debug\\language"",..\..\..\..\qt_project_git\SignalAnalysis2\src\signA\main.cpp
2022-10-23 10:21:11,void start_serve_process(int),try start data precess serve  1  times,..\..\..\..\qt_project_git\SignalAnalysis2\src\signA\main.cpp
2022-10-23 10:21:11,void start_serve_process(int),"""start data process server , cost:4 ms""",..\..\..\..\qt_project_git\SignalAnalysis2\src\signA\main.cpp
2022-10-23 10:21:11,"SARibbonMainWindow::SARibbonMainWindow(QWidget*, bool)",QFlags<Qt::WindowType>(Window|WindowTitleHint|WindowSystemMenuHint|WindowMinMaxButtonsHint|WindowCloseButtonHint|WindowFullscreenButtonHint),C:\wangzexin\Graduation\qt_project_git\SignalAnalysis2\src\SARibbonBar\SARibbon\src\SARibbonBar\SARibbonMainWindow.cpp
2022-10-23 10:21:11,"SARibbonMainWindow::SARibbonMainWindow(QWidget*, bool)",sa ribbon version: 0.2,C:\wangzexin\Graduation\qt_project_git\SignalAnalysis2\src\SARibbonBar\SARibbon\src\SARibbonBar\SARibbonMainWindow.cpp
2022-10-23 10:21:11,"void qt_png_warning(png_structp, png_const_charp)",libpng warning: iCCP: known incorrect sRGB profile,image\qpnghandler.cpp
2022-10-23 10:21:11,"void qt_png_warning(png_structp, png_const_charp)",libpng warning: iCCP: known incorrect sRGB profile,image\qpnghandler.cpp
2022-10-23 10:21:11,"void qt_png_warning(png_structp, png_const_charp)",libpng warning: iCCP: known incorrect sRGB profile,image\qpnghandler.cpp
2022-10-23 10:21:11,"void qt_png_warning(png_structp, png_const_charp)",libpng warning: iCCP: known incorrect sRGB profile,image\qpnghandler.cpp
2022-10-23 10:21:11,"void qt_png_warning(png_structp, png_const_charp)",libpng warning: iCCP: known incorrect sRGB profile,image\qpnghandler.cpp
2022-10-23 10:21:11,"void qt_png_warning(png_structp, png_const_charp)",libpng warning: iCCP: known incorrect sRGB profile,image\qpnghandler.cpp
2022-10-23 10:21:11,"void qt_png_warning(png_structp, png_const_charp)",libpng warning: iCCP: known incorrect sRGB profile,image\qpnghandler.cpp
2022-10-23 10:21:11,"void qt_png_warning(png_structp, png_const_charp)",libpng warning: iCCP: known incorrect sRGB profile,image\qpnghandler.cpp
2022-10-23 10:21:11,"void qt_png_warning(png_structp, png_const_charp)",libpng warning: iCCP: known incorrect sRGB profile,image\qpnghandler.cpp
2022-10-23 10:21:11,"void qt_png_warning(png_structp, png_const_charp)",libpng warning: iCCP: known incorrect sRGB profile,image\qpnghandler.cpp
2022-10-23 10:21:11,"void qt_png_warning(png_structp, png_const_charp)",libpng warning: iCCP: known incorrect sRGB profile,image\qpnghandler.cpp
2022-10-23 10:21:11,"void qt_png_warning(png_structp, png_const_charp)",libpng warning: iCCP: known incorrect sRGB profile,image\qpnghandler.cpp
2022-10-23 10:21:11,"void qt_png_warning(png_structp, png_const_charp)",libpng warning: iCCP: known incorrect sRGB profile,image\qpnghandler.cpp
2022-10-23 10:21:11,"void qt_png_warning(png_structp, png_const_charp)",libpng warning: iCCP: known incorrect sRGB profile,image\qpnghandler.cpp
2022-10-23 10:21:11,"void qt_png_warning(png_structp, png_const_charp)",libpng warning: iCCP: known incorrect sRGB profile,image\qpnghandler.cpp
2022-10-23 10:21:11,MainWindow::MainWindow(QWidget*),""start main app init"",..\..\..\..\qt_project_git\SignalAnalysis2\src\signA\mainwindow.cpp
2022-10-23 10:21:12,void SATcpClient::connectToServe(int),"""start connect to serve,timeout set to "" 5000  ms",..\..\src\signAServe\SATcpClient.cpp
2022-10-23 10:21:12,void SATcpClient::connectToServe(int),""success connect to LocalHost:"" 10099,..\..\src\signAServe\SATcpClient.cpp
2022-10-23 10:21:12,"virtual bool SATcpSocket::deal(const SAProtocolHeader&, const QByteArray&)",deal type  1  fun  3,..\..\src\signAServe\SATcpSocket.cpp
2022-10-23 10:21:12,MainWindow::MainWindow(QWidget*),""init ui and menu elapsed: 691 ms"",..\..\..\..\qt_project_git\SignalAnalysis2\src\signA\mainwindow.cpp
2022-10-23 10:21:12,MainWindow::MainWindow(QWidget*),""start load plugin"",..\..\..\..\qt_project_git\SignalAnalysis2\src\signA\mainwindow.cpp
2022-10-23 10:21:12,MainWindow::MainWindow(QWidget*),""loaded plugins elapsed: 7 ms"",..\..\..\..\qt_project_git\SignalAnalysis2\src\signA\mainwindow.cpp
2022-10-23 10:21:12,MainWindow::MainWindow(QWidget*),""start load setting"",..\..\..\..\qt_project_git\SignalAnalysis2\src\signA\mainwindow.cpp
2022-10-23 10:21:12,void MainWindow::loadSetting(),first start: false,..\..\..\..\qt_project_git\SignalAnalysis2\src\signA\mainwindow.cpp
2022-10-23 10:21:12,void MainWindow::setSkin(const QString&),""start use skin:normal"",..\..\..\..\qt_project_git\SignalAnalysis2\src\signA\mainwindow.cpp
2022-10-23 10:21:12,void MainWindow::setSkin(const QString&),"""set style error,style name is:"" ""normal""",..\..\..\..\qt_project_git\SignalAnalysis2\src\signA\mainwindow.cpp
2022-10-23 10:21:12,void MainWindow::setSkin(const QString&),""end use skin elapsed: 0 ms"",..\..\..\..\qt_project_git\SignalAnalysis2\src\signA\mainwindow.cpp
2022-10-23 10:21:12,MainWindow::MainWindow(QWidget*),""loaded settings elapsed: 0 ms"",..\..\..\..\qt_project_git\SignalAnalysis2\src\signA\mainwindow.cpp
2022-10-23 10:21:12,MainWindow::MainWindow(QWidget*),window font: ""微软雅黑"",..\..\..\..\qt_project_git\SignalAnalysis2\src\signA\mainwindow.cpp
2022-10-23 10:21:12,"void qt_png_warning(png_structp, png_const_charp)",libpng warning: iCCP: known incorrect sRGB profile,image\qpnghandler.cpp
2022-10-23 10:21:12,"void qt_png_warning(png_structp, png_const_charp)",libpng warning: iCCP: known incorrect sRGB profile,image\qpnghandler.cpp
2022-10-23 10:21:16,void MainWindow::OnButtonStartCapture(),m_vchannelCodes-size 4 
,..\..\..\..\qt_project_git\SignalAnalysis2\src\signA\mainwindow.cpp
2022-10-23 10:21:16,void MainWindow::OnButtonStartCapture(),mapsize 4 
,..\..\..\..\qt_project_git\SignalAnalysis2\src\signA\mainwindow.cpp
2022-10-23 10:21:16,virtual void GetDataThread::run(),取数线程开启了--------------------------------------------------------------------------------- 
,..\..\..\..\qt_project_git\SignalAnalysis2\src\signA\Utils\GetDataThread.cpp
2022-10-23 10:21:16,virtual void SaveCollectionDataThread::run(),threadsize------------------------------------------------------ 4 
,..\..\..\..\qt_project_git\SignalAnalysis2\src\signA\Utils\SaveCollectionDataThread.cpp
2022-10-23 10:21:32,"virtual bool SATcpSocket::deal(const SAProtocolHeader&, const QByteArray&)",deal type  1  fun  3,..\..\src\signAServe\SATcpSocket.cpp
2022-10-23 10:21:51,"void qt_png_warning(png_structp, png_const_charp)",libpng warning: iCCP: known incorrect sRGB profile,image\qpnghandler.cpp
2022-10-23 10:21:51,"void qt_png_warning(png_structp, png_const_charp)",libpng warning: iCCP: known incorrect sRGB profile,image\qpnghandler.cpp
2022-10-23 10:21:52,"virtual bool SATcpSocket::deal(const SAProtocolHeader&, const QByteArray&)",deal type  1  fun  3,..\..\src\signAServe\SATcpSocket.cpp
2022-10-23 10:21:56,"void qt_png_warning(png_structp, png_const_charp)",libpng warning: iCCP: known incorrect sRGB profile,image\qpnghandler.cpp
2022-10-23 10:21:56,"void qt_png_warning(png_structp, png_const_charp)",libpng warning: iCCP: known incorrect sRGB profile,image\qpnghandler.cpp
2022-10-23 10:21:56,"void qt_png_warning(png_structp, png_const_charp)",libpng warning: iCCP: known incorrect sRGB profile,image\qpnghandler.cpp
2022-10-23 10:21:56,void MainWindow::saveSetting(),(),..\..\..\..\qt_project_git\SignalAnalysis2\src\signA\mainwindow.cpp
2022-10-23 10:21:56,void MainWindow::saveSetting(),(),..\..\..\..\qt_project_git\SignalAnalysis2\src\signA\mainwindow.cpp
