2022-10-30 15:27:41,normal,start app,..\..\src\signA\mainwindow.cpp,MainWindow,108,1
2022-10-30 15:27:41,debug,start main app init,..\..\src\signA\mainwindow.cpp,MainWindow,110,5
2022-10-30 15:27:41,debug,init ui and menu elapsed: 187 ms,..\..\src\signA\mainwindow.cpp,MainWindow,115,5
2022-10-30 15:27:41,debug,start load plugin,..\..\src\signA\mainwindow.cpp,MainWindow,117,5
2022-10-30 15:27:41,debug,loaded plugins elapsed: 5 ms,..\..\src\signA\mainwindow.cpp,MainWindow,119,5
2022-10-30 15:27:41,debug,start load setting,..\..\src\signA\mainwindow.cpp,MainWindow,123,5
2022-10-30 15:27:41,debug,start use skin:normal,..\..\src\signA\mainwindow.cpp,setSkin,902,5
2022-10-30 15:27:41,debug,end use skin elapsed: 0 ms,..\..\src\signA\mainwindow.cpp,setSkin,916,5
2022-10-30 15:27:41,debug,loaded settings elapsed: 0 ms,..\..\src\signA\mainwindow.cpp,MainWindow,125,5
2022-10-30 15:31:22,normal,start app,..\..\src\signA\mainwindow.cpp,MainWindow,108,1
2022-10-30 15:31:22,debug,start main app init,..\..\src\signA\mainwindow.cpp,MainWindow,110,5
2022-10-30 15:31:22,debug,init ui and menu elapsed: 195 ms,..\..\src\signA\mainwindow.cpp,MainWindow,115,5
2022-10-30 15:31:22,debug,start load plugin,..\..\src\signA\mainwindow.cpp,MainWindow,117,5
2022-10-30 15:31:22,debug,loaded plugins elapsed: 4 ms,..\..\src\signA\mainwindow.cpp,MainWindow,119,5
2022-10-30 15:31:22,debug,start load setting,..\..\src\signA\mainwindow.cpp,MainWindow,123,5
2022-10-30 15:31:22,debug,start use skin:normal,..\..\src\signA\mainwindow.cpp,setSkin,902,5
2022-10-30 15:31:22,debug,end use skin elapsed: 0 ms,..\..\src\signA\mainwindow.cpp,setSkin,916,5
2022-10-30 15:31:22,debug,loaded settings elapsed: 0 ms,..\..\src\signA\mainwindow.cpp,MainWindow,125,5
2022-10-30 16:02:28,normal,start app,..\..\src\signA\mainwindow.cpp,MainWindow,108,1
2022-10-30 16:02:28,debug,start main app init,..\..\src\signA\mainwindow.cpp,MainWindow,110,5
2022-10-30 16:02:28,debug,init ui and menu elapsed: 178 ms,..\..\src\signA\mainwindow.cpp,MainWindow,115,5
2022-10-30 16:02:28,debug,start load plugin,..\..\src\signA\mainwindow.cpp,MainWindow,117,5
2022-10-30 16:02:28,debug,loaded plugins elapsed: 5 ms,..\..\src\signA\mainwindow.cpp,MainWindow,119,5
2022-10-30 16:02:28,debug,start load setting,..\..\src\signA\mainwindow.cpp,MainWindow,123,5
2022-10-30 16:02:28,debug,start use skin:normal,..\..\src\signA\mainwindow.cpp,setSkin,902,5
2022-10-30 16:02:28,debug,end use skin elapsed: 0 ms,..\..\src\signA\mainwindow.cpp,setSkin,916,5
2022-10-30 16:02:28,debug,loaded settings elapsed: 0 ms,..\..\src\signA\mainwindow.cpp,MainWindow,125,5
